Using pre-set license
Built from '2020.3/release' branch; Version is '2020.3.1f1 (77a89f25062f) revision 7841951'; Using compiler version '192528614'; Build Type 'Release'
OS: 'Windows 10 Pro; OS build 19043.1645; Version 2009; 64bit' Language: 'ru' Physical Memory: 8125 MB
BatchMode: 1, IsHumanControllingUs: 0, StartBugReporterOnCrash: 0, Is64bit: 1, IsPro: 0

 COMMAND LINE ARGUMENTS:
C:\Program Files\Unity\Hub\Editor\2020.3.1f1\Editor\Unity.exe
-adb2
-batchMode
-noUpm
-name
AssetImportWorker0
-projectPath
C:/Users/Pc/Desktop/unity/2048
-logFile
Logs/AssetImportWorker0.log
-srvPort
58236
Successfully changed project path to: C:/Users/Pc/Desktop/unity/2048
C:/Users/Pc/Desktop/unity/2048
Using Asset Import Pipeline V2.
Refreshing native plugins compatible for Editor in 25.73 ms, found 0 plugins.
Preloading 0 native plugins for Editor in 0.00 ms.
Initialize engine version: 2020.3.1f1 (77a89f25062f)
[Subsystems] Discovering subsystems at path C:/Program Files/Unity/Hub/Editor/2020.3.1f1/Editor/Data/Resources/UnitySubsystems
[Subsystems] Discovering subsystems at path C:/Users/Pc/Desktop/unity/2048/Assets
GfxDevice: creating device client; threaded=0
Direct3D:
    Version:  Direct3D 11.0 [level 11.1]
    Renderer: NVIDIA GeForce GTX 1650 (ID=0x1f82)
    Vendor:   
    VRAM:     3962 MB
    Driver:   30.0.14.7111
Initialize mono
Mono path[0] = 'C:/Program Files/Unity/Hub/Editor/2020.3.1f1/Editor/Data/Managed'
Mono path[1] = 'C:/Program Files/Unity/Hub/Editor/2020.3.1f1/Editor/Data/MonoBleedingEdge/lib/mono/unityjit'
Mono config path = 'C:/Program Files/Unity/Hub/Editor/2020.3.1f1/Editor/Data/MonoBleedingEdge/etc'
Using monoOptions --debugger-agent=transport=dt_socket,embedding=1,server=y,suspend=n,address=127.0.0.1:56684
Begin MonoManager ReloadAssembly
Registering precompiled unity dll's ...
Register platform support module: C:/Program Files/Unity/Hub/Editor/2020.3.1f1/Editor/Data/PlaybackEngines/WindowsStandaloneSupport/UnityEditor.WindowsStandalone.Extensions.dll
Registered in 0.001952 seconds.
Native extension for WindowsStandalone target not found
Refreshing native plugins compatible for Editor in 26.43 ms, found 0 plugins.
Preloading 0 native plugins for Editor in 0.00 ms.
Invoked RoslynAnalysisRunner static constructor.
RoslynAnalysisRunner will not be running.
RoslynAnalysisRunner has terminated.
Mono: successfully reloaded assembly
- Completed reload, in  1.873 seconds
Platform modules already initialized, skipping
Registering precompiled user dll's ...
Registered in 0.001653 seconds.
Begin MonoManager ReloadAssembly
Native extension for WindowsStandalone target not found
Refreshing native plugins compatible for Editor in 0.21 ms, found 0 plugins.
Preloading 0 native plugins for Editor in 0.00 ms.
Invoked RoslynAnalysisRunner static constructor.
RoslynAnalysisRunner will not be running.
RoslynAnalysisRunner has terminated.
Mono: successfully reloaded assembly
- Completed reload, in  0.772 seconds
Platform modules already initialized, skipping
========================================================================
Worker process is ready to serve import requests
Launched and connected shader compiler UnityShaderCompiler.exe after 0.05 seconds
Refreshing native plugins compatible for Editor in 0.23 ms, found 0 plugins.
Preloading 0 native plugins for Editor in 0.00 ms.
Unloading 1175 Unused Serialized files (Serialized files now loaded: 0)
System memory in use before: 60.5 MB.
System memory in use after: 60.6 MB.

Unloading 12 unused Assets to reduce memory usage. Loaded Objects now: 1621.
Total: 1.692000 ms (FindLiveObjects: 0.141600 ms CreateObjectMapping: 0.043100 ms MarkObjects: 1.426500 ms  DeleteObjects: 0.079800 ms)

========================================================================
Received Import Request.
  path: Assets/Scripts/Global.cs
  artifactKey: Guid(46c1cf642056cf54e8c2df750212b580) Importer(815301076,1909f56bfc062723c751e8b465ee728b)
Start importing Assets/Scripts/Global.cs using Guid(46c1cf642056cf54e8c2df750212b580) Importer(815301076,1909f56bfc062723c751e8b465ee728b)  -> (artifact id: '71a338b1772ab59b846869c0ab403fbe') in 0.035116 seconds
  Import took 0.038048 seconds .

========================================================================
Received Import Request.
  Time since last request: 46.910580 seconds.
  path: Assets/Scripts/Global.cs
  artifactKey: Guid(46c1cf642056cf54e8c2df750212b580) Importer(815301076,1909f56bfc062723c751e8b465ee728b)
Start importing Assets/Scripts/Global.cs using Guid(46c1cf642056cf54e8c2df750212b580) Importer(815301076,1909f56bfc062723c751e8b465ee728b)  -> (artifact id: 'aa27635dd9c64bbac3de05ca56d587bc') in 0.002835 seconds
  Import took 0.007482 seconds .

========================================================================
Received Prepare
Registering precompiled user dll's ...
Registered in 0.001425 seconds.
Begin MonoManager ReloadAssembly
Native extension for WindowsStandalone target not found
Refreshing native plugins compatible for Editor in 0.22 ms, found 0 plugins.
Preloading 0 native plugins for Editor in 0.00 ms.
Invoked RoslynAnalysisRunner static constructor.
RoslynAnalysisRunner will not be running.
RoslynAnalysisRunner has terminated.
Mono: successfully reloaded assembly
- Completed reload, in  0.706 seconds
Platform modules already initialized, skipping
Refreshing native plugins compatible for Editor in 0.24 ms, found 0 plugins.
Preloading 0 native plugins for Editor in 0.00 ms.
Unloading 1157 Unused Serialized files (Serialized files now loaded: 0)
System memory in use before: 59.5 MB.
System memory in use after: 59.5 MB.

Unloading 7 unused Assets to reduce memory usage. Loaded Objects now: 1624.
Total: 1.810100 ms (FindLiveObjects: 0.187300 ms CreateObjectMapping: 0.043200 ms MarkObjects: 1.520300 ms  DeleteObjects: 0.058000 ms)

========================================================================
Received Prepare
Registering precompiled user dll's ...
Registered in 0.001461 seconds.
Begin MonoManager ReloadAssembly
Native extension for WindowsStandalone target not found
Refreshing native plugins compatible for Editor in 0.21 ms, found 0 plugins.
Preloading 0 native plugins for Editor in 0.00 ms.
Invoked RoslynAnalysisRunner static constructor.
RoslynAnalysisRunner will not be running.
RoslynAnalysisRunner has terminated.
Mono: successfully reloaded assembly
- Completed reload, in  0.704 seconds
Platform modules already initialized, skipping
Refreshing native plugins compatible for Editor in 0.23 ms, found 0 plugins.
Preloading 0 native plugins for Editor in 0.00 ms.
Unloading 1157 Unused Serialized files (Serialized files now loaded: 0)
System memory in use before: 59.5 MB.
System memory in use after: 59.6 MB.

Unloading 7 unused Assets to reduce memory usage. Loaded Objects now: 1627.
Total: 2.443600 ms (FindLiveObjects: 0.274500 ms CreateObjectMapping: 0.089300 ms MarkObjects: 2.021200 ms  DeleteObjects: 0.057000 ms)

========================================================================
Received Prepare
Registering precompiled user dll's ...
Registered in 0.001632 seconds.
Begin MonoManager ReloadAssembly
Native extension for WindowsStandalone target not found
Refreshing native plugins compatible for Editor in 0.21 ms, found 0 plugins.
Preloading 0 native plugins for Editor in 0.00 ms.
Invoked RoslynAnalysisRunner static constructor.
RoslynAnalysisRunner will not be running.
RoslynAnalysisRunner has terminated.
Mono: successfully reloaded assembly
- Completed reload, in  0.708 seconds
Platform modules already initialized, skipping
Refreshing native plugins compatible for Editor in 0.21 ms, found 0 plugins.
Preloading 0 native plugins for Editor in 0.00 ms.
Unloading 1157 Unused Serialized files (Serialized files now loaded: 0)
System memory in use before: 59.5 MB.
System memory in use after: 59.6 MB.

Unloading 7 unused Assets to reduce memory usage. Loaded Objects now: 1630.
Total: 2.048300 ms (FindLiveObjects: 0.146400 ms CreateObjectMapping: 0.045300 ms MarkObjects: 1.803600 ms  DeleteObjects: 0.052300 ms)

========================================================================
Received Import Request.
  Time since last request: 320.658637 seconds.
  path: Assets/Scripts/GameManager.cs
  artifactKey: Guid(425ccfbc7810d134fa4593cfd64cf1f9) Importer(815301076,1909f56bfc062723c751e8b465ee728b)
Start importing Assets/Scripts/GameManager.cs using Guid(425ccfbc7810d134fa4593cfd64cf1f9) Importer(815301076,1909f56bfc062723c751e8b465ee728b)  -> (artifact id: '8fe5f5b4130e43ff73358b521265ac45') in 0.008748 seconds
  Import took 0.011582 seconds .

========================================================================
Received Import Request.
  Time since last request: 0.002726 seconds.
  path: Assets/Scripts/GameManager.cs
  artifactKey: Guid(425ccfbc7810d134fa4593cfd64cf1f9) Importer(815301076,1909f56bfc062723c751e8b465ee728b)
Start importing Assets/Scripts/GameManager.cs using Guid(425ccfbc7810d134fa4593cfd64cf1f9) Importer(815301076,1909f56bfc062723c751e8b465ee728b)  -> (artifact id: '8fe5f5b4130e43ff73358b521265ac45') in 0.002466 seconds
  Import took 0.004357 seconds .

========================================================================
Received Prepare
Registering precompiled user dll's ...
Registered in 0.001572 seconds.
Begin MonoManager ReloadAssembly
Native extension for WindowsStandalone target not found
Refreshing native plugins compatible for Editor in 0.21 ms, found 0 plugins.
Preloading 0 native plugins for Editor in 0.00 ms.
Invoked RoslynAnalysisRunner static constructor.
RoslynAnalysisRunner will not be running.
RoslynAnalysisRunner has terminated.
Mono: successfully reloaded assembly
- Completed reload, in  0.734 seconds
Platform modules already initialized, skipping
Refreshing native plugins compatible for Editor in 0.21 ms, found 0 plugins.
Preloading 0 native plugins for Editor in 0.00 ms.
Unloading 1157 Unused Serialized files (Serialized files now loaded: 0)
System memory in use before: 59.5 MB.
System memory in use after: 59.6 MB.

Unloading 7 unused Assets to reduce memory usage. Loaded Objects now: 1633.
Total: 1.553200 ms (FindLiveObjects: 0.123500 ms CreateObjectMapping: 0.037900 ms MarkObjects: 1.342700 ms  DeleteObjects: 0.047900 ms)

========================================================================
Received Import Request.
  Time since last request: 32.616155 seconds.
  path: Assets/Scripts/GameManager.cs
  artifactKey: Guid(425ccfbc7810d134fa4593cfd64cf1f9) Importer(815301076,1909f56bfc062723c751e8b465ee728b)
Start importing Assets/Scripts/GameManager.cs using Guid(425ccfbc7810d134fa4593cfd64cf1f9) Importer(815301076,1909f56bfc062723c751e8b465ee728b)  -> (artifact id: 'f034582b093fa74e8d3b4c68f8025541') in 0.006899 seconds
  Import took 0.009128 seconds .

========================================================================
Received Import Request.
  Time since last request: 0.000572 seconds.
  path: Assets/Scripts/GameManager.cs
  artifactKey: Guid(425ccfbc7810d134fa4593cfd64cf1f9) Importer(815301076,1909f56bfc062723c751e8b465ee728b)
Start importing Assets/Scripts/GameManager.cs using Guid(425ccfbc7810d134fa4593cfd64cf1f9) Importer(815301076,1909f56bfc062723c751e8b465ee728b)  -> (artifact id: 'f034582b093fa74e8d3b4c68f8025541') in 0.003071 seconds
  Import took 0.004895 seconds .

========================================================================
Received Import Request.
  Time since last request: 108.565774 seconds.
  path: Assets/Scenes/MainMenu.unity
  artifactKey: Guid(273ac585e6027804ca3594a0df33cb0d) Importer(815301076,1909f56bfc062723c751e8b465ee728b)
Start importing Assets/Scenes/MainMenu.unity using Guid(273ac585e6027804ca3594a0df33cb0d) Importer(815301076,1909f56bfc062723c751e8b465ee728b)  -> (artifact id: 'f5a6df988eb22eef6f299b15bafd47f0') in 0.012366 seconds
  Import took 0.015254 seconds .

========================================================================
Received Import Request.
  Time since last request: 0.356230 seconds.
  path: Assets/Scenes/SampleScene.unity
  artifactKey: Guid(9fc0d4010bbf28b4594072e72b8655ab) Importer(815301076,1909f56bfc062723c751e8b465ee728b)
Start importing Assets/Scenes/SampleScene.unity using Guid(9fc0d4010bbf28b4594072e72b8655ab) Importer(815301076,1909f56bfc062723c751e8b465ee728b)  -> (artifact id: '25ece2d226e65b5b66d680bb3c723550') in 0.008902 seconds
  Import took 0.012094 seconds .

========================================================================
Received Prepare
Registering precompiled user dll's ...
Registered in 0.001504 seconds.
Begin MonoManager ReloadAssembly
Native extension for WindowsStandalone target not found
Refreshing native plugins compatible for Editor in 0.21 ms, found 0 plugins.
Preloading 0 native plugins for Editor in 0.00 ms.
Invoked RoslynAnalysisRunner static constructor.
RoslynAnalysisRunner will not be running.
RoslynAnalysisRunner has terminated.
Mono: successfully reloaded assembly
- Completed reload, in  0.693 seconds
Platform modules already initialized, skipping
Refreshing native plugins compatible for Editor in 0.22 ms, found 0 plugins.
Preloading 0 native plugins for Editor in 0.00 ms.
Unloading 1157 Unused Serialized files (Serialized files now loaded: 0)
System memory in use before: 59.6 MB.
System memory in use after: 59.7 MB.

Unloading 7 unused Assets to reduce memory usage. Loaded Objects now: 1636.
Total: 1.552500 ms (FindLiveObjects: 0.131300 ms CreateObjectMapping: 0.035300 ms MarkObjects: 1.337800 ms  DeleteObjects: 0.047500 ms)

========================================================================
Received Prepare
Registering precompiled user dll's ...
Registered in 0.001524 seconds.
Begin MonoManager ReloadAssembly
Native extension for WindowsStandalone target not found
Refreshing native plugins compatible for Editor in 0.21 ms, found 0 plugins.
Preloading 0 native plugins for Editor in 0.00 ms.
Invoked RoslynAnalysisRunner static constructor.
RoslynAnalysisRunner will not be running.
RoslynAnalysisRunner has terminated.
Mono: successfully reloaded assembly
- Completed reload, in  0.714 seconds
Platform modules already initialized, skipping
Refreshing native plugins compatible for Editor in 0.23 ms, found 0 plugins.
Preloading 0 native plugins for Editor in 0.00 ms.
Unloading 1157 Unused Serialized files (Serialized files now loaded: 0)
System memory in use before: 59.6 MB.
System memory in use after: 59.7 MB.

Unloading 7 unused Assets to reduce memory usage. Loaded Objects now: 1639.
Total: 2.212200 ms (FindLiveObjects: 0.210400 ms CreateObjectMapping: 0.060300 ms MarkObjects: 1.874100 ms  DeleteObjects: 0.065400 ms)

========================================================================
Received Import Request.
  Time since last request: 16.224161 seconds.
  path: Assets/Scenes/MainMenu.unity
  artifactKey: Guid(273ac585e6027804ca3594a0df33cb0d) Importer(815301076,1909f56bfc062723c751e8b465ee728b)
Start importing Assets/Scenes/MainMenu.unity using Guid(273ac585e6027804ca3594a0df33cb0d) Importer(815301076,1909f56bfc062723c751e8b465ee728b)  -> (artifact id: 'cd5713e7fad4ce8046ca657b26f56a88') in 0.011125 seconds
  Import took 0.014133 seconds .

========================================================================
Received Prepare
Registering precompiled user dll's ...
Registered in 0.001532 seconds.
Begin MonoManager ReloadAssembly
Native extension for WindowsStandalone target not found
Refreshing native plugins compatible for Editor in 0.21 ms, found 0 plugins.
Preloading 0 native plugins for Editor in 0.00 ms.
Invoked RoslynAnalysisRunner static constructor.
RoslynAnalysisRunner will not be running.
RoslynAnalysisRunner has terminated.
Mono: successfully reloaded assembly
- Completed reload, in  0.696 seconds
Platform modules already initialized, skipping
Refreshing native plugins compatible for Editor in 0.21 ms, found 0 plugins.
Preloading 0 native plugins for Editor in 0.00 ms.
Unloading 1157 Unused Serialized files (Serialized files now loaded: 0)
System memory in use before: 59.6 MB.
System memory in use after: 59.7 MB.

Unloading 7 unused Assets to reduce memory usage. Loaded Objects now: 1642.
Total: 1.936700 ms (FindLiveObjects: 0.157600 ms CreateObjectMapping: 0.044800 ms MarkObjects: 1.675800 ms  DeleteObjects: 0.057300 ms)

========================================================================
Received Prepare
Registering precompiled user dll's ...
Registered in 0.001524 seconds.
Begin MonoManager ReloadAssembly
Native extension for WindowsStandalone target not found
Refreshing native plugins compatible for Editor in 0.24 ms, found 0 plugins.
Preloading 0 native plugins for Editor in 0.00 ms.
Invoked RoslynAnalysisRunner static constructor.
RoslynAnalysisRunner will not be running.
RoslynAnalysisRunner has terminated.
Mono: successfully reloaded assembly
- Completed reload, in  0.713 seconds
Platform modules already initialized, skipping
Refreshing native plugins compatible for Editor in 0.21 ms, found 0 plugins.
Preloading 0 native plugins for Editor in 0.00 ms.
Unloading 1157 Unused Serialized files (Serialized files now loaded: 0)
System memory in use before: 59.6 MB.
System memory in use after: 59.7 MB.

Unloading 7 unused Assets to reduce memory usage. Loaded Objects now: 1645.
Total: 2.160400 ms (FindLiveObjects: 0.155100 ms CreateObjectMapping: 0.043100 ms MarkObjects: 1.909200 ms  DeleteObjects: 0.052100 ms)

========================================================================
Received Prepare
Registering precompiled user dll's ...
Registered in 0.001486 seconds.
Begin MonoManager ReloadAssembly
Native extension for WindowsStandalone target not found
Refreshing native plugins compatible for Editor in 0.22 ms, found 0 plugins.
Preloading 0 native plugins for Editor in 0.00 ms.
Invoked RoslynAnalysisRunner static constructor.
RoslynAnalysisRunner will not be running.
RoslynAnalysisRunner has terminated.
Mono: successfully reloaded assembly
- Completed reload, in  0.705 seconds
Platform modules already initialized, skipping
Refreshing native plugins compatible for Editor in 0.22 ms, found 0 plugins.
Preloading 0 native plugins for Editor in 0.00 ms.
Unloading 1157 Unused Serialized files (Serialized files now loaded: 0)
System memory in use before: 59.6 MB.
System memory in use after: 59.7 MB.

Unloading 7 unused Assets to reduce memory usage. Loaded Objects now: 1648.
Total: 1.547200 ms (FindLiveObjects: 0.128000 ms CreateObjectMapping: 0.034500 ms MarkObjects: 1.336000 ms  DeleteObjects: 0.047600 ms)

========================================================================
Received Prepare
Registering precompiled user dll's ...
Registered in 0.001653 seconds.
Begin MonoManager ReloadAssembly
Native extension for WindowsStandalone target not found
Refreshing native plugins compatible for Editor in 0.22 ms, found 0 plugins.
Preloading 0 native plugins for Editor in 0.00 ms.
Invoked RoslynAnalysisRunner static constructor.
RoslynAnalysisRunner will not be running.
RoslynAnalysisRunner has terminated.
Mono: successfully reloaded assembly
- Completed reload, in  0.703 seconds
Platform modules already initialized, skipping
Refreshing native plugins compatible for Editor in 0.24 ms, found 0 plugins.
Preloading 0 native plugins for Editor in 0.00 ms.
Unloading 1157 Unused Serialized files (Serialized files now loaded: 0)
System memory in use before: 59.6 MB.
System memory in use after: 59.7 MB.

Unloading 7 unused Assets to reduce memory usage. Loaded Objects now: 1651.
Total: 2.475800 ms (FindLiveObjects: 0.205400 ms CreateObjectMapping: 0.052900 ms MarkObjects: 2.156300 ms  DeleteObjects: 0.059200 ms)

========================================================================
Received Prepare
Registering precompiled user dll's ...
Registered in 0.001551 seconds.
Begin MonoManager ReloadAssembly
Native extension for WindowsStandalone target not found
Refreshing native plugins compatible for Editor in 0.21 ms, found 0 plugins.
Preloading 0 native plugins for Editor in 0.00 ms.
Invoked RoslynAnalysisRunner static constructor.
RoslynAnalysisRunner will not be running.
RoslynAnalysisRunner has terminated.
Mono: successfully reloaded assembly
- Completed reload, in  0.712 seconds
Platform modules already initialized, skipping
Refreshing native plugins compatible for Editor in 0.22 ms, found 0 plugins.
Preloading 0 native plugins for Editor in 0.00 ms.
Unloading 1157 Unused Serialized files (Serialized files now loaded: 0)
System memory in use before: 59.6 MB.
System memory in use after: 59.7 MB.

Unloading 7 unused Assets to reduce memory usage. Loaded Objects now: 1654.
Total: 1.540200 ms (FindLiveObjects: 0.141300 ms CreateObjectMapping: 0.035800 ms MarkObjects: 1.307800 ms  DeleteObjects: 0.054200 ms)

========================================================================
Received Prepare
Registering precompiled user dll's ...
Registered in 0.001564 seconds.
Begin MonoManager ReloadAssembly
Native extension for WindowsStandalone target not found
Refreshing native plugins compatible for Editor in 0.31 ms, found 0 plugins.
Preloading 0 native plugins for Editor in 0.00 ms.
Invoked RoslynAnalysisRunner static constructor.
RoslynAnalysisRunner will not be running.
RoslynAnalysisRunner has terminated.
Mono: successfully reloaded assembly
- Completed reload, in  0.716 seconds
Platform modules already initialized, skipping
Refreshing native plugins compatible for Editor in 0.23 ms, found 0 plugins.
Preloading 0 native plugins for Editor in 0.00 ms.
Unloading 1157 Unused Serialized files (Serialized files now loaded: 0)
System memory in use before: 59.6 MB.
System memory in use after: 59.7 MB.

Unloading 7 unused Assets to reduce memory usage. Loaded Objects now: 1657.
Total: 2.222400 ms (FindLiveObjects: 0.165400 ms CreateObjectMapping: 0.081800 ms MarkObjects: 1.919000 ms  DeleteObjects: 0.054900 ms)

========================================================================
Received Prepare
Registering precompiled user dll's ...
Registered in 0.001567 seconds.
Begin MonoManager ReloadAssembly
Native extension for WindowsStandalone target not found
Refreshing native plugins compatible for Editor in 0.20 ms, found 0 plugins.
Preloading 0 native plugins for Editor in 0.00 ms.
Invoked RoslynAnalysisRunner static constructor.
RoslynAnalysisRunner will not be running.
RoslynAnalysisRunner has terminated.
Mono: successfully reloaded assembly
- Completed reload, in  0.739 seconds
Platform modules already initialized, skipping
Refreshing native plugins compatible for Editor in 0.21 ms, found 0 plugins.
Preloading 0 native plugins for Editor in 0.00 ms.
Unloading 1157 Unused Serialized files (Serialized files now loaded: 0)
System memory in use before: 59.6 MB.
System memory in use after: 59.7 MB.

Unloading 7 unused Assets to reduce memory usage. Loaded Objects now: 1660.
Total: 4.628200 ms (FindLiveObjects: 0.367000 ms CreateObjectMapping: 0.128800 ms MarkObjects: 4.012700 ms  DeleteObjects: 0.116200 ms)

========================================================================
Received Prepare
Registering precompiled user dll's ...
Registered in 0.001512 seconds.
Begin MonoManager ReloadAssembly
Native extension for WindowsStandalone target not found
Refreshing native plugins compatible for Editor in 0.23 ms, found 0 plugins.
Preloading 0 native plugins for Editor in 0.00 ms.
Invoked RoslynAnalysisRunner static constructor.
RoslynAnalysisRunner will not be running.
RoslynAnalysisRunner has terminated.
Mono: successfully reloaded assembly
- Completed reload, in  0.714 seconds
Platform modules already initialized, skipping
Refreshing native plugins compatible for Editor in 0.22 ms, found 0 plugins.
Preloading 0 native plugins for Editor in 0.00 ms.
Unloading 1157 Unused Serialized files (Serialized files now loaded: 0)
System memory in use before: 59.6 MB.
System memory in use after: 59.7 MB.

Unloading 7 unused Assets to reduce memory usage. Loaded Objects now: 1663.
Total: 1.639900 ms (FindLiveObjects: 0.159400 ms CreateObjectMapping: 0.038700 ms MarkObjects: 1.391700 ms  DeleteObjects: 0.049300 ms)

========================================================================
Received Prepare
Registering precompiled user dll's ...
Registered in 0.001470 seconds.
Begin MonoManager ReloadAssembly
Native extension for WindowsStandalone target not found
Refreshing native plugins compatible for Editor in 0.21 ms, found 0 plugins.
Preloading 0 native plugins for Editor in 0.00 ms.
Invoked RoslynAnalysisRunner static constructor.
RoslynAnalysisRunner will not be running.
RoslynAnalysisRunner has terminated.
Mono: successfully reloaded assembly
- Completed reload, in  0.734 seconds
Platform modules already initialized, skipping
Refreshing native plugins compatible for Editor in 0.21 ms, found 0 plugins.
Preloading 0 native plugins for Editor in 0.00 ms.
Unloading 1157 Unused Serialized files (Serialized files now loaded: 0)
System memory in use before: 59.6 MB.
System memory in use after: 59.7 MB.

Unloading 7 unused Assets to reduce memory usage. Loaded Objects now: 1666.
Total: 1.917800 ms (FindLiveObjects: 0.183400 ms CreateObjectMapping: 0.042600 ms MarkObjects: 1.628400 ms  DeleteObjects: 0.061200 ms)

========================================================================
Received Import Request.
  Time since last request: 788.275967 seconds.
  path: Assets/Scenes/SampleScene.unity
  artifactKey: Guid(9fc0d4010bbf28b4594072e72b8655ab) Importer(815301076,1909f56bfc062723c751e8b465ee728b)
Start importing Assets/Scenes/SampleScene.unity using Guid(9fc0d4010bbf28b4594072e72b8655ab) Importer(815301076,1909f56bfc062723c751e8b465ee728b)  -> (artifact id: 'b39679de62321e22c8e3b02a66fab594') in 0.012065 seconds
  Import took 0.014612 seconds .

========================================================================
Received Import Request.
  Time since last request: 0.672445 seconds.
  path: Assets/Scenes/MainMenu.unity
  artifactKey: Guid(273ac585e6027804ca3594a0df33cb0d) Importer(815301076,1909f56bfc062723c751e8b465ee728b)
Start importing Assets/Scenes/MainMenu.unity using Guid(273ac585e6027804ca3594a0df33cb0d) Importer(815301076,1909f56bfc062723c751e8b465ee728b)  -> (artifact id: '64ef0aeb20a8f799bd608aeaaeb59c53') in 0.004285 seconds
  Import took 0.008023 seconds .

========================================================================
Received Import Request.
  Time since last request: 0.000929 seconds.
  path: Assets/Scenes/MainMenu.unity
  artifactKey: Guid(273ac585e6027804ca3594a0df33cb0d) Importer(815301076,1909f56bfc062723c751e8b465ee728b)
Start importing Assets/Scenes/MainMenu.unity using Guid(273ac585e6027804ca3594a0df33cb0d) Importer(815301076,1909f56bfc062723c751e8b465ee728b)  -> (artifact id: '64ef0aeb20a8f799bd608aeaaeb59c53') in 0.003462 seconds
  Import took 0.005508 seconds .

========================================================================
Received Import Request.
  Time since last request: 30.299778 seconds.
  path: Assets/Scenes/SampleScene.unity
  artifactKey: Guid(9fc0d4010bbf28b4594072e72b8655ab) Importer(815301076,1909f56bfc062723c751e8b465ee728b)
Start importing Assets/Scenes/SampleScene.unity using Guid(9fc0d4010bbf28b4594072e72b8655ab) Importer(815301076,1909f56bfc062723c751e8b465ee728b)  -> (artifact id: '179c2a3eca549c3a24ee78a1fca6824f') in 0.003557 seconds
  Import took 0.006543 seconds .

========================================================================
Received Import Request.
  Time since last request: 0.000932 seconds.
  path: Assets/Scenes/SampleScene.unity
  artifactKey: Guid(9fc0d4010bbf28b4594072e72b8655ab) Importer(815301076,1909f56bfc062723c751e8b465ee728b)
Start importing Assets/Scenes/SampleScene.unity using Guid(9fc0d4010bbf28b4594072e72b8655ab) Importer(815301076,1909f56bfc062723c751e8b465ee728b)  -> (artifact id: '179c2a3eca549c3a24ee78a1fca6824f') in 0.003348 seconds
  Import took 0.005271 seconds .

========================================================================
Received Import Request.
  Time since last request: 79.901141 seconds.
  path: Assets/Scripts/TransitionAnim.cs
  artifactKey: Guid(d51d0e5c2a2cd98408a15fa2e2a4b7d0) Importer(815301076,1909f56bfc062723c751e8b465ee728b)
Start importing Assets/Scripts/TransitionAnim.cs using Guid(d51d0e5c2a2cd98408a15fa2e2a4b7d0) Importer(815301076,1909f56bfc062723c751e8b465ee728b)  -> (artifact id: 'fc792d7be8b9d5b33e8a11508bb535e0') in 0.007734 seconds
  Import took 0.010186 seconds .

========================================================================
Received Prepare
Registering precompiled user dll's ...
Registered in 0.001497 seconds.
Begin MonoManager ReloadAssembly
Native extension for WindowsStandalone target not found
Refreshing native plugins compatible for Editor in 0.26 ms, found 0 plugins.
Preloading 0 native plugins for Editor in 0.00 ms.
Invoked RoslynAnalysisRunner static constructor.
RoslynAnalysisRunner will not be running.
RoslynAnalysisRunner has terminated.
Mono: successfully reloaded assembly
- Completed reload, in  0.884 seconds
Platform modules already initialized, skipping
Refreshing native plugins compatible for Editor in 0.21 ms, found 0 plugins.
Preloading 0 native plugins for Editor in 0.00 ms.
Unloading 1158 Unused Serialized files (Serialized files now loaded: 0)
System memory in use before: 59.7 MB.
System memory in use after: 59.8 MB.

Unloading 7 unused Assets to reduce memory usage. Loaded Objects now: 1670.
Total: 1.592800 ms (FindLiveObjects: 0.135400 ms CreateObjectMapping: 0.038300 ms MarkObjects: 1.370100 ms  DeleteObjects: 0.048200 ms)

========================================================================
Received Prepare
Registering precompiled user dll's ...
Registered in 0.001532 seconds.
Begin MonoManager ReloadAssembly
Native extension for WindowsStandalone target not found
Refreshing native plugins compatible for Editor in 0.22 ms, found 0 plugins.
Preloading 0 native plugins for Editor in 0.00 ms.
Invoked RoslynAnalysisRunner static constructor.
RoslynAnalysisRunner will not be running.
RoslynAnalysisRunner has terminated.
Mono: successfully reloaded assembly
- Completed reload, in  0.724 seconds
Platform modules already initialized, skipping
Refreshing native plugins compatible for Editor in 0.21 ms, found 0 plugins.
Preloading 0 native plugins for Editor in 0.00 ms.
Unloading 1158 Unused Serialized files (Serialized files now loaded: 0)
System memory in use before: 59.7 MB.
System memory in use after: 59.8 MB.

Unloading 7 unused Assets to reduce memory usage. Loaded Objects now: 1673.
Total: 1.623700 ms (FindLiveObjects: 0.196900 ms CreateObjectMapping: 0.050000 ms MarkObjects: 1.327800 ms  DeleteObjects: 0.047900 ms)

========================================================================
Received Import Request.
  Time since last request: 78.780965 seconds.
  path: Assets/Scripts/TransitionAnim.cs
  artifactKey: Guid(d51d0e5c2a2cd98408a15fa2e2a4b7d0) Importer(815301076,1909f56bfc062723c751e8b465ee728b)
Start importing Assets/Scripts/TransitionAnim.cs using Guid(d51d0e5c2a2cd98408a15fa2e2a4b7d0) Importer(815301076,1909f56bfc062723c751e8b465ee728b)  -> (artifact id: '039ce08dadf8c2aa0130bba583750ba5') in 0.005907 seconds
  Import took 0.007749 seconds .

========================================================================
Received Import Request.
  Time since last request: 21.445916 seconds.
  path: Assets/Scenes/SampleScene.unity
  artifactKey: Guid(9fc0d4010bbf28b4594072e72b8655ab) Importer(815301076,1909f56bfc062723c751e8b465ee728b)
Start importing Assets/Scenes/SampleScene.unity using Guid(9fc0d4010bbf28b4594072e72b8655ab) Importer(815301076,1909f56bfc062723c751e8b465ee728b)  -> (artifact id: '836a2508544f6a73ffdc5f40b3af31a1') in 0.010059 seconds
  Import took 0.012922 seconds .

========================================================================
Received Prepare
Registering precompiled user dll's ...
Registered in 0.001502 seconds.
Begin MonoManager ReloadAssembly
Native extension for WindowsStandalone target not found
Refreshing native plugins compatible for Editor in 0.22 ms, found 0 plugins.
Preloading 0 native plugins for Editor in 0.00 ms.
Invoked RoslynAnalysisRunner static constructor.
RoslynAnalysisRunner will not be running.
RoslynAnalysisRunner has terminated.
Mono: successfully reloaded assembly
- Completed reload, in  0.723 seconds
Platform modules already initialized, skipping
Refreshing native plugins compatible for Editor in 0.28 ms, found 0 plugins.
Preloading 0 native plugins for Editor in 0.00 ms.
Unloading 1158 Unused Serialized files (Serialized files now loaded: 0)
System memory in use before: 59.7 MB.
System memory in use after: 59.8 MB.

Unloading 7 unused Assets to reduce memory usage. Loaded Objects now: 1676.
Total: 1.590100 ms (FindLiveObjects: 0.147900 ms CreateObjectMapping: 0.036500 ms MarkObjects: 1.349000 ms  DeleteObjects: 0.055100 ms)

========================================================================
Received Prepare
Registering precompiled user dll's ...
Registered in 0.001557 seconds.
Begin MonoManager ReloadAssembly
Native extension for WindowsStandalone target not found
Refreshing native plugins compatible for Editor in 0.22 ms, found 0 plugins.
Preloading 0 native plugins for Editor in 0.00 ms.
Invoked RoslynAnalysisRunner static constructor.
RoslynAnalysisRunner will not be running.
RoslynAnalysisRunner has terminated.
Mono: successfully reloaded assembly
- Completed reload, in  0.710 seconds
Platform modules already initialized, skipping
Refreshing native plugins compatible for Editor in 0.23 ms, found 0 plugins.
Preloading 0 native plugins for Editor in 0.00 ms.
Unloading 1158 Unused Serialized files (Serialized files now loaded: 0)
System memory in use before: 59.7 MB.
System memory in use after: 59.8 MB.

Unloading 7 unused Assets to reduce memory usage. Loaded Objects now: 1679.
Total: 1.812500 ms (FindLiveObjects: 0.178000 ms CreateObjectMapping: 0.042400 ms MarkObjects: 1.538000 ms  DeleteObjects: 0.052800 ms)

========================================================================
Received Prepare
Registering precompiled user dll's ...
Registered in 0.001556 seconds.
Begin MonoManager ReloadAssembly
Native extension for WindowsStandalone target not found
Refreshing native plugins compatible for Editor in 0.23 ms, found 0 plugins.
Preloading 0 native plugins for Editor in 0.00 ms.
Invoked RoslynAnalysisRunner static constructor.
RoslynAnalysisRunner will not be running.
RoslynAnalysisRunner has terminated.
Mono: successfully reloaded assembly
- Completed reload, in  0.704 seconds
Platform modules already initialized, skipping
Refreshing native plugins compatible for Editor in 0.23 ms, found 0 plugins.
Preloading 0 native plugins for Editor in 0.00 ms.
Unloading 1158 Unused Serialized files (Serialized files now loaded: 0)
System memory in use before: 59.7 MB.
System memory in use after: 59.8 MB.

Unloading 7 unused Assets to reduce memory usage. Loaded Objects now: 1682.
Total: 1.971100 ms (FindLiveObjects: 0.158600 ms CreateObjectMapping: 0.038000 ms MarkObjects: 1.710900 ms  DeleteObjects: 0.062400 ms)

========================================================================
Received Prepare
Registering precompiled user dll's ...
Registered in 0.001539 seconds.
Begin MonoManager ReloadAssembly
Native extension for WindowsStandalone target not found
Refreshing native plugins compatible for Editor in 0.21 ms, found 0 plugins.
Preloading 0 native plugins for Editor in 0.00 ms.
Invoked RoslynAnalysisRunner static constructor.
RoslynAnalysisRunner will not be running.
RoslynAnalysisRunner has terminated.
Mono: successfully reloaded assembly
- Completed reload, in  0.708 seconds
Platform modules already initialized, skipping
Refreshing native plugins compatible for Editor in 0.37 ms, found 0 plugins.
Preloading 0 native plugins for Editor in 0.00 ms.
Unloading 1158 Unused Serialized files (Serialized files now loaded: 0)
System memory in use before: 59.7 MB.
System memory in use after: 59.8 MB.

Unloading 7 unused Assets to reduce memory usage. Loaded Objects now: 1685.
Total: 1.968400 ms (FindLiveObjects: 0.191500 ms CreateObjectMapping: 0.048700 ms MarkObjects: 1.671500 ms  DeleteObjects: 0.055500 ms)

========================================================================
Received Prepare
Registering precompiled user dll's ...
Registered in 0.001532 seconds.
Begin MonoManager ReloadAssembly
Native extension for WindowsStandalone target not found
Refreshing native plugins compatible for Editor in 0.21 ms, found 0 plugins.
Preloading 0 native plugins for Editor in 0.00 ms.
Invoked RoslynAnalysisRunner static constructor.
RoslynAnalysisRunner will not be running.
RoslynAnalysisRunner has terminated.
Mono: successfully reloaded assembly
- Completed reload, in  0.704 seconds
Platform modules already initialized, skipping
Refreshing native plugins compatible for Editor in 0.24 ms, found 0 plugins.
Preloading 0 native plugins for Editor in 0.00 ms.
Unloading 1158 Unused Serialized files (Serialized files now loaded: 0)
System memory in use before: 59.7 MB.
System memory in use after: 59.8 MB.

Unloading 7 unused Assets to reduce memory usage. Loaded Objects now: 1688.
Total: 1.740800 ms (FindLiveObjects: 0.141300 ms CreateObjectMapping: 0.039000 ms MarkObjects: 1.493900 ms  DeleteObjects: 0.064800 ms)

========================================================================
Received Import Request.
  Time since last request: 266.466624 seconds.
  path: Assets/Scenes/SampleScene.unity
  artifactKey: Guid(9fc0d4010bbf28b4594072e72b8655ab) Importer(815301076,1909f56bfc062723c751e8b465ee728b)
Start importing Assets/Scenes/SampleScene.unity using Guid(9fc0d4010bbf28b4594072e72b8655ab) Importer(815301076,1909f56bfc062723c751e8b465ee728b)  -> (artifact id: '788745372614f21bf570f06cf0e05672') in 0.012348 seconds
  Import took 0.014982 seconds .

========================================================================
Received Import Request.
  Time since last request: 8.828692 seconds.
  path: Assets/Scenes/SampleScene.unity
  artifactKey: Guid(9fc0d4010bbf28b4594072e72b8655ab) Importer(815301076,1909f56bfc062723c751e8b465ee728b)
Start importing Assets/Scenes/SampleScene.unity using Guid(9fc0d4010bbf28b4594072e72b8655ab) Importer(815301076,1909f56bfc062723c751e8b465ee728b)  -> (artifact id: 'e5aae31b268c851851c8303f3756faf9') in 0.004287 seconds
  Import took 0.007299 seconds .

========================================================================
Received Prepare
Registering precompiled user dll's ...
Registered in 0.001607 seconds.
Begin MonoManager ReloadAssembly
Native extension for WindowsStandalone target not found
Refreshing native plugins compatible for Editor in 0.21 ms, found 0 plugins.
Preloading 0 native plugins for Editor in 0.00 ms.
Invoked RoslynAnalysisRunner static constructor.
RoslynAnalysisRunner will not be running.
RoslynAnalysisRunner has terminated.
Mono: successfully reloaded assembly
- Completed reload, in  0.677 seconds
Platform modules already initialized, skipping
Refreshing native plugins compatible for Editor in 0.21 ms, found 0 plugins.
Preloading 0 native plugins for Editor in 0.00 ms.
Unloading 1158 Unused Serialized files (Serialized files now loaded: 0)
System memory in use before: 59.7 MB.
System memory in use after: 59.8 MB.

Unloading 7 unused Assets to reduce memory usage. Loaded Objects now: 1691.
Total: 1.771800 ms (FindLiveObjects: 0.173300 ms CreateObjectMapping: 0.044900 ms MarkObjects: 1.496600 ms  DeleteObjects: 0.055600 ms)

========================================================================
Received Import Request.
  Time since last request: 32.966277 seconds.
  path: Assets/Scenes/Game.unity
  artifactKey: Guid(9fc0d4010bbf28b4594072e72b8655ab) Importer(815301076,1909f56bfc062723c751e8b465ee728b)
Start importing Assets/Scenes/Game.unity using Guid(9fc0d4010bbf28b4594072e72b8655ab) Importer(815301076,1909f56bfc062723c751e8b465ee728b)  -> (artifact id: '5e8d5be5d6947e7c6a51a8ec564d360a') in 0.014863 seconds
  Import took 0.017014 seconds .

========================================================================
Received Prepare
Registering precompiled user dll's ...
Registered in 0.001510 seconds.
Begin MonoManager ReloadAssembly
Native extension for WindowsStandalone target not found
Refreshing native plugins compatible for Editor in 0.21 ms, found 0 plugins.
Preloading 0 native plugins for Editor in 0.00 ms.
Invoked RoslynAnalysisRunner static constructor.
RoslynAnalysisRunner will not be running.
RoslynAnalysisRunner has terminated.
Mono: successfully reloaded assembly
- Completed reload, in  0.727 seconds
Platform modules already initialized, skipping
Refreshing native plugins compatible for Editor in 0.25 ms, found 0 plugins.
Preloading 0 native plugins for Editor in 0.00 ms.
Unloading 1158 Unused Serialized files (Serialized files now loaded: 0)
System memory in use before: 59.8 MB.
System memory in use after: 59.8 MB.

Unloading 7 unused Assets to reduce memory usage. Loaded Objects now: 1694.
Total: 1.677700 ms (FindLiveObjects: 0.177700 ms CreateObjectMapping: 0.044500 ms MarkObjects: 1.404000 ms  DeleteObjects: 0.050100 ms)

========================================================================
Received Import Request.
  Time since last request: 90.673313 seconds.
  path: Assets/Scenes/Game.unity
  artifactKey: Guid(9fc0d4010bbf28b4594072e72b8655ab) Importer(815301076,1909f56bfc062723c751e8b465ee728b)
Start importing Assets/Scenes/Game.unity using Guid(9fc0d4010bbf28b4594072e72b8655ab) Importer(815301076,1909f56bfc062723c751e8b465ee728b)  -> (artifact id: '332d25cb46a0cac0dfcd8772fbcb38c5') in 0.011246 seconds
  Import took 0.014164 seconds .

========================================================================
Received Prepare
Registering precompiled user dll's ...
Registered in 0.001474 seconds.
Begin MonoManager ReloadAssembly
Native extension for WindowsStandalone target not found
Refreshing native plugins compatible for Editor in 0.22 ms, found 0 plugins.
Preloading 0 native plugins for Editor in 0.00 ms.
Invoked RoslynAnalysisRunner static constructor.
RoslynAnalysisRunner will not be running.
RoslynAnalysisRunner has terminated.
Mono: successfully reloaded assembly
- Completed reload, in  0.774 seconds
Platform modules already initialized, skipping
Refreshing native plugins compatible for Editor in 0.20 ms, found 0 plugins.
Preloading 0 native plugins for Editor in 0.00 ms.
Unloading 1158 Unused Serialized files (Serialized files now loaded: 0)
System memory in use before: 59.8 MB.
System memory in use after: 59.8 MB.

Unloading 7 unused Assets to reduce memory usage. Loaded Objects now: 1697.
Total: 1.573800 ms (FindLiveObjects: 0.167900 ms CreateObjectMapping: 0.055800 ms MarkObjects: 1.302200 ms  DeleteObjects: 0.046700 ms)

========================================================================
Received Import Request.
  Time since last request: 23.906502 seconds.
  path: Assets/Scenes/MainMenu.unity
  artifactKey: Guid(273ac585e6027804ca3594a0df33cb0d) Importer(815301076,1909f56bfc062723c751e8b465ee728b)
Start importing Assets/Scenes/MainMenu.unity using Guid(273ac585e6027804ca3594a0df33cb0d) Importer(815301076,1909f56bfc062723c751e8b465ee728b)  -> (artifact id: '9146368f87aa489bcb6c58712346d8bd') in 0.011604 seconds
  Import took 0.014372 seconds .

========================================================================
Received Prepare
Registering precompiled user dll's ...
Registered in 0.001466 seconds.
Begin MonoManager ReloadAssembly
Native extension for WindowsStandalone target not found
Refreshing native plugins compatible for Editor in 0.22 ms, found 0 plugins.
Preloading 0 native plugins for Editor in 0.00 ms.
Invoked RoslynAnalysisRunner static constructor.
RoslynAnalysisRunner will not be running.
RoslynAnalysisRunner has terminated.
Mono: successfully reloaded assembly
- Completed reload, in  0.699 seconds
Platform modules already initialized, skipping
Refreshing native plugins compatible for Editor in 0.31 ms, found 0 plugins.
Preloading 0 native plugins for Editor in 0.00 ms.
Unloading 1158 Unused Serialized files (Serialized files now loaded: 0)
System memory in use before: 59.8 MB.
System memory in use after: 59.9 MB.

Unloading 7 unused Assets to reduce memory usage. Loaded Objects now: 1700.
Total: 2.417600 ms (FindLiveObjects: 0.135600 ms CreateObjectMapping: 0.034800 ms MarkObjects: 2.191600 ms  DeleteObjects: 0.054600 ms)

========================================================================
Received Prepare
Registering precompiled user dll's ...
Registered in 0.001607 seconds.
Begin MonoManager ReloadAssembly
Native extension for WindowsStandalone target not found
Refreshing native plugins compatible for Editor in 0.22 ms, found 0 plugins.
Preloading 0 native plugins for Editor in 0.00 ms.
Invoked RoslynAnalysisRunner static constructor.
RoslynAnalysisRunner will not be running.
RoslynAnalysisRunner has terminated.
Mono: successfully reloaded assembly
- Completed reload, in  0.828 seconds
Platform modules already initialized, skipping
Refreshing native plugins compatible for Editor in 0.22 ms, found 0 plugins.
Preloading 0 native plugins for Editor in 0.00 ms.
Unloading 1158 Unused Serialized files (Serialized files now loaded: 0)
System memory in use before: 59.8 MB.
System memory in use after: 59.9 MB.

Unloading 7 unused Assets to reduce memory usage. Loaded Objects now: 1703.
Total: 5.694800 ms (FindLiveObjects: 0.702500 ms CreateObjectMapping: 0.166600 ms MarkObjects: 4.643100 ms  DeleteObjects: 0.179200 ms)

========================================================================
Received Import Request.
  Time since last request: 679.821131 seconds.
  path: Assets/Resources/back_arrow.png
  artifactKey: Guid(1ffce63389639e3419e50357e74ee86f) Importer(815301076,1909f56bfc062723c751e8b465ee728b)
Start importing Assets/Resources/back_arrow.png using Guid(1ffce63389639e3419e50357e74ee86f) Importer(815301076,1909f56bfc062723c751e8b465ee728b)  -> (artifact id: 'b414733cde436a3f810c41caff967ca7') in 0.087266 seconds
  Import took 0.089505 seconds .

========================================================================
Received Import Request.
  Time since last request: 10.839820 seconds.
  path: Assets/Resources/back_arrow.png
  artifactKey: Guid(1ffce63389639e3419e50357e74ee86f) Importer(815301076,1909f56bfc062723c751e8b465ee728b)
Start importing Assets/Resources/back_arrow.png using Guid(1ffce63389639e3419e50357e74ee86f) Importer(815301076,1909f56bfc062723c751e8b465ee728b)  -> (artifact id: 'bd6870c0a4939acb6b02ae90cb679b8d') in 0.048300 seconds
  Import took 0.051363 seconds .

========================================================================
Received Import Request.
  Time since last request: 148.782212 seconds.
  path: Assets/Scripts/MainMenu_SetUp.cs
  artifactKey: Guid(3824132883f0de24d8ce400e3ec34c85) Importer(815301076,1909f56bfc062723c751e8b465ee728b)
Start importing Assets/Scripts/MainMenu_SetUp.cs using Guid(3824132883f0de24d8ce400e3ec34c85) Importer(815301076,1909f56bfc062723c751e8b465ee728b)  -> (artifact id: '346d0e1029dc7926dc10ada898a46d7d') in 0.007155 seconds
  Import took 0.009999 seconds .

========================================================================
Received Prepare
Registering precompiled user dll's ...
Registered in 0.001511 seconds.
Begin MonoManager ReloadAssembly
Native extension for WindowsStandalone target not found
Refreshing native plugins compatible for Editor in 0.24 ms, found 0 plugins.
Preloading 0 native plugins for Editor in 0.00 ms.
Invoked RoslynAnalysisRunner static constructor.
RoslynAnalysisRunner will not be running.
RoslynAnalysisRunner has terminated.
Mono: successfully reloaded assembly
- Completed reload, in  0.915 seconds
Platform modules already initialized, skipping
Refreshing native plugins compatible for Editor in 0.33 ms, found 0 plugins.
Preloading 0 native plugins for Editor in 0.00 ms.
Unloading 1159 Unused Serialized files (Serialized files now loaded: 0)
System memory in use before: 62.9 MB.
System memory in use after: 63.0 MB.

Unloading 7 unused Assets to reduce memory usage. Loaded Objects now: 1713.
Total: 1.399800 ms (FindLiveObjects: 0.126500 ms CreateObjectMapping: 0.033400 ms MarkObjects: 1.188800 ms  DeleteObjects: 0.049900 ms)

========================================================================
Received Import Request.
  Time since last request: 19.015743 seconds.
  path: Assets/Scripts/MainUIEvents.cs
  artifactKey: Guid(769ab1a68ed576e4ba637bbf71f87c97) Importer(815301076,1909f56bfc062723c751e8b465ee728b)
Start importing Assets/Scripts/MainUIEvents.cs using Guid(769ab1a68ed576e4ba637bbf71f87c97) Importer(815301076,1909f56bfc062723c751e8b465ee728b)  -> (artifact id: '3e11047076e9babb71bc3ed0f96cb75b') in 0.016023 seconds
  Import took 0.019413 seconds .

========================================================================
Received Prepare
Registering precompiled user dll's ...
Registered in 0.001443 seconds.
Begin MonoManager ReloadAssembly
Native extension for WindowsStandalone target not found
Refreshing native plugins compatible for Editor in 0.22 ms, found 0 plugins.
Preloading 0 native plugins for Editor in 0.00 ms.
Invoked RoslynAnalysisRunner static constructor.
RoslynAnalysisRunner will not be running.
RoslynAnalysisRunner has terminated.
Mono: successfully reloaded assembly
- Completed reload, in  0.776 seconds
Platform modules already initialized, skipping
Refreshing native plugins compatible for Editor in 0.22 ms, found 0 plugins.
Preloading 0 native plugins for Editor in 0.00 ms.
Unloading 1159 Unused Serialized files (Serialized files now loaded: 0)
System memory in use before: 62.9 MB.
System memory in use after: 63.0 MB.

Unloading 7 unused Assets to reduce memory usage. Loaded Objects now: 1716.
Total: 1.614900 ms (FindLiveObjects: 0.142800 ms CreateObjectMapping: 0.038400 ms MarkObjects: 1.384100 ms  DeleteObjects: 0.048600 ms)

========================================================================
Received Prepare
Registering precompiled user dll's ...
Registered in 0.001763 seconds.
Begin MonoManager ReloadAssembly
Native extension for WindowsStandalone target not found
Refreshing native plugins compatible for Editor in 0.21 ms, found 0 plugins.
Preloading 0 native plugins for Editor in 0.00 ms.
Invoked RoslynAnalysisRunner static constructor.
RoslynAnalysisRunner will not be running.
RoslynAnalysisRunner has terminated.
Mono: successfully reloaded assembly
- Completed reload, in  0.720 seconds
Platform modules already initialized, skipping
Refreshing native plugins compatible for Editor in 0.23 ms, found 0 plugins.
Preloading 0 native plugins for Editor in 0.00 ms.
Unloading 1159 Unused Serialized files (Serialized files now loaded: 0)
System memory in use before: 62.9 MB.
System memory in use after: 63.0 MB.

Unloading 7 unused Assets to reduce memory usage. Loaded Objects now: 1719.
Total: 2.061500 ms (FindLiveObjects: 0.218100 ms CreateObjectMapping: 0.060800 ms MarkObjects: 1.697300 ms  DeleteObjects: 0.083800 ms)

========================================================================
Received Import Request.
  Time since last request: 40.870036 seconds.
  path: Assets/Scripts/MainUIEvents.cs
  artifactKey: Guid(769ab1a68ed576e4ba637bbf71f87c97) Importer(815301076,1909f56bfc062723c751e8b465ee728b)
Start importing Assets/Scripts/MainUIEvents.cs using Guid(769ab1a68ed576e4ba637bbf71f87c97) Importer(815301076,1909f56bfc062723c751e8b465ee728b)  -> (artifact id: 'f8d7a3d80a71fa1bc700f7a946bb666a') in 0.011239 seconds
  Import took 0.016297 seconds .

========================================================================
Received Import Request.
  Time since last request: 40.911885 seconds.
  path: Assets/Scenes/MainMenu.unity
  artifactKey: Guid(273ac585e6027804ca3594a0df33cb0d) Importer(815301076,1909f56bfc062723c751e8b465ee728b)
Start importing Assets/Scenes/MainMenu.unity using Guid(273ac585e6027804ca3594a0df33cb0d) Importer(815301076,1909f56bfc062723c751e8b465ee728b)  -> (artifact id: 'b06ce7bb504e3f876a0f66ade0be8c29') in 0.013318 seconds
  Import took 0.016352 seconds .

========================================================================
Received Prepare
Registering precompiled user dll's ...
Registered in 0.001483 seconds.
Begin MonoManager ReloadAssembly
Native extension for WindowsStandalone target not found
Refreshing native plugins compatible for Editor in 0.24 ms, found 0 plugins.
Preloading 0 native plugins for Editor in 0.00 ms.
Invoked RoslynAnalysisRunner static constructor.
RoslynAnalysisRunner will not be running.
RoslynAnalysisRunner has terminated.
Mono: successfully reloaded assembly
- Completed reload, in  0.716 seconds
Platform modules already initialized, skipping
Refreshing native plugins compatible for Editor in 0.22 ms, found 0 plugins.
Preloading 0 native plugins for Editor in 0.00 ms.
Unloading 1159 Unused Serialized files (Serialized files now loaded: 0)
System memory in use before: 62.9 MB.
System memory in use after: 63.0 MB.

Unloading 7 unused Assets to reduce memory usage. Loaded Objects now: 1722.
Total: 3.761400 ms (FindLiveObjects: 0.289400 ms CreateObjectMapping: 0.093500 ms MarkObjects: 3.252400 ms  DeleteObjects: 0.123400 ms)

========================================================================
Received Import Request.
  Time since last request: 8.422638 seconds.
  path: Assets/Scenes/Game.unity
  artifactKey: Guid(9fc0d4010bbf28b4594072e72b8655ab) Importer(815301076,1909f56bfc062723c751e8b465ee728b)
Start importing Assets/Scenes/Game.unity using Guid(9fc0d4010bbf28b4594072e72b8655ab) Importer(815301076,1909f56bfc062723c751e8b465ee728b)  -> (artifact id: '8830265c66f6ba51607a0bc1bc552d4a') in 0.015574 seconds
  Import took 0.018911 seconds .

========================================================================
Received Prepare
Registering precompiled user dll's ...
Registered in 0.001764 seconds.
Begin MonoManager ReloadAssembly
Native extension for WindowsStandalone target not found
Refreshing native plugins compatible for Editor in 0.26 ms, found 0 plugins.
Preloading 0 native plugins for Editor in 0.00 ms.
Invoked RoslynAnalysisRunner static constructor.
RoslynAnalysisRunner will not be running.
RoslynAnalysisRunner has terminated.
Mono: successfully reloaded assembly
- Completed reload, in  0.694 seconds
Platform modules already initialized, skipping
Refreshing native plugins compatible for Editor in 0.22 ms, found 0 plugins.
Preloading 0 native plugins for Editor in 0.00 ms.
Unloading 1159 Unused Serialized files (Serialized files now loaded: 0)
System memory in use before: 62.9 MB.
System memory in use after: 63.0 MB.

Unloading 7 unused Assets to reduce memory usage. Loaded Objects now: 1725.
Total: 1.731500 ms (FindLiveObjects: 0.234200 ms CreateObjectMapping: 0.047000 ms MarkObjects: 1.396800 ms  DeleteObjects: 0.050900 ms)

========================================================================
Received Prepare
Registering precompiled user dll's ...
Registered in 0.001575 seconds.
Begin MonoManager ReloadAssembly
Native extension for WindowsStandalone target not found
Refreshing native plugins compatible for Editor in 0.25 ms, found 0 plugins.
Preloading 0 native plugins for Editor in 0.00 ms.
Invoked RoslynAnalysisRunner static constructor.
RoslynAnalysisRunner will not be running.
RoslynAnalysisRunner has terminated.
Mono: successfully reloaded assembly
- Completed reload, in  0.740 seconds
Platform modules already initialized, skipping
Refreshing native plugins compatible for Editor in 0.22 ms, found 0 plugins.
Preloading 0 native plugins for Editor in 0.00 ms.
Unloading 1159 Unused Serialized files (Serialized files now loaded: 0)
System memory in use before: 62.9 MB.
System memory in use after: 63.0 MB.

Unloading 7 unused Assets to reduce memory usage. Loaded Objects now: 1728.
Total: 1.837700 ms (FindLiveObjects: 0.154300 ms CreateObjectMapping: 0.040000 ms MarkObjects: 1.585400 ms  DeleteObjects: 0.056500 ms)

========================================================================
Received Prepare
Registering precompiled user dll's ...
Registered in 0.001602 seconds.
Begin MonoManager ReloadAssembly
Native extension for WindowsStandalone target not found
Refreshing native plugins compatible for Editor in 0.21 ms, found 0 plugins.
Preloading 0 native plugins for Editor in 0.00 ms.
Invoked RoslynAnalysisRunner static constructor.
RoslynAnalysisRunner will not be running.
RoslynAnalysisRunner has terminated.
Mono: successfully reloaded assembly
- Completed reload, in  0.694 seconds
Platform modules already initialized, skipping
Refreshing native plugins compatible for Editor in 0.22 ms, found 0 plugins.
Preloading 0 native plugins for Editor in 0.00 ms.
Unloading 1159 Unused Serialized files (Serialized files now loaded: 0)
System memory in use before: 62.9 MB.
System memory in use after: 63.0 MB.

Unloading 7 unused Assets to reduce memory usage. Loaded Objects now: 1731.
Total: 1.497200 ms (FindLiveObjects: 0.132600 ms CreateObjectMapping: 0.034700 ms MarkObjects: 1.281200 ms  DeleteObjects: 0.047800 ms)

========================================================================
Received Prepare
Registering precompiled user dll's ...
Registered in 0.002321 seconds.
Begin MonoManager ReloadAssembly
Native extension for WindowsStandalone target not found
Refreshing native plugins compatible for Editor in 0.31 ms, found 0 plugins.
Preloading 0 native plugins for Editor in 0.00 ms.
Invoked RoslynAnalysisRunner static constructor.
RoslynAnalysisRunner will not be running.
RoslynAnalysisRunner has terminated.
Mono: successfully reloaded assembly
- Completed reload, in  2.922 seconds
Platform modules already initialized, skipping
Refreshing native plugins compatible for Editor in 0.51 ms, found 0 plugins.
Preloading 0 native plugins for Editor in 0.00 ms.
Unloading 1159 Unused Serialized files (Serialized files now loaded: 0)
System memory in use before: 62.9 MB.
System memory in use after: 63.0 MB.

Unloading 7 unused Assets to reduce memory usage. Loaded Objects now: 1734.
Total: 5.239300 ms (FindLiveObjects: 0.195800 ms CreateObjectMapping: 0.052700 ms MarkObjects: 4.812400 ms  DeleteObjects: 0.176800 ms)

========================================================================
Received Prepare
Registering precompiled user dll's ...
Registered in 0.001521 seconds.
Begin MonoManager ReloadAssembly
Native extension for WindowsStandalone target not found
Refreshing native plugins compatible for Editor in 0.32 ms, found 0 plugins.
Preloading 0 native plugins for Editor in 0.00 ms.
Invoked RoslynAnalysisRunner static constructor.
RoslynAnalysisRunner will not be running.
RoslynAnalysisRunner has terminated.
Mono: successfully reloaded assembly
- Completed reload, in  0.833 seconds
Platform modules already initialized, skipping
Refreshing native plugins compatible for Editor in 0.37 ms, found 0 plugins.
Preloading 0 native plugins for Editor in 0.00 ms.
Unloading 1159 Unused Serialized files (Serialized files now loaded: 0)
System memory in use before: 62.9 MB.
System memory in use after: 63.0 MB.

Unloading 7 unused Assets to reduce memory usage. Loaded Objects now: 1737.
Total: 1.751100 ms (FindLiveObjects: 0.167000 ms CreateObjectMapping: 0.042600 ms MarkObjects: 1.487700 ms  DeleteObjects: 0.052700 ms)

========================================================================
Received Prepare
Registering precompiled user dll's ...
Registered in 0.001816 seconds.
Begin MonoManager ReloadAssembly
Native extension for WindowsStandalone target not found
Refreshing native plugins compatible for Editor in 0.21 ms, found 0 plugins.
Preloading 0 native plugins for Editor in 0.00 ms.
Invoked RoslynAnalysisRunner static constructor.
RoslynAnalysisRunner will not be running.
RoslynAnalysisRunner has terminated.
Mono: successfully reloaded assembly
- Completed reload, in  0.910 seconds
Platform modules already initialized, skipping
Refreshing native plugins compatible for Editor in 0.22 ms, found 0 plugins.
Preloading 0 native plugins for Editor in 0.00 ms.
Unloading 1159 Unused Serialized files (Serialized files now loaded: 0)
System memory in use before: 63.0 MB.
System memory in use after: 63.0 MB.

Unloading 7 unused Assets to reduce memory usage. Loaded Objects now: 1740.
Total: 5.262100 ms (FindLiveObjects: 0.388900 ms CreateObjectMapping: 0.156500 ms MarkObjects: 4.556700 ms  DeleteObjects: 0.156800 ms)

========================================================================
Received Prepare
Registering precompiled user dll's ...
Registered in 0.001500 seconds.
Begin MonoManager ReloadAssembly
Native extension for WindowsStandalone target not found
Refreshing native plugins compatible for Editor in 0.21 ms, found 0 plugins.
Preloading 0 native plugins for Editor in 0.00 ms.
Invoked RoslynAnalysisRunner static constructor.
RoslynAnalysisRunner will not be running.
RoslynAnalysisRunner has terminated.
Mono: successfully reloaded assembly
- Completed reload, in  0.713 seconds
Platform modules already initialized, skipping
Refreshing native plugins compatible for Editor in 0.27 ms, found 0 plugins.
Preloading 0 native plugins for Editor in 0.00 ms.
Unloading 1159 Unused Serialized files (Serialized files now loaded: 0)
System memory in use before: 63.0 MB.
System memory in use after: 63.0 MB.

Unloading 7 unused Assets to reduce memory usage. Loaded Objects now: 1743.
Total: 1.640900 ms (FindLiveObjects: 0.138500 ms CreateObjectMapping: 0.037700 ms MarkObjects: 1.415000 ms  DeleteObjects: 0.048700 ms)

========================================================================
Received Prepare
Registering precompiled user dll's ...
Registered in 0.001622 seconds.
Begin MonoManager ReloadAssembly
Native extension for WindowsStandalone target not found
Refreshing native plugins compatible for Editor in 0.21 ms, found 0 plugins.
Preloading 0 native plugins for Editor in 0.00 ms.
Invoked RoslynAnalysisRunner static constructor.
RoslynAnalysisRunner will not be running.
RoslynAnalysisRunner has terminated.
Mono: successfully reloaded assembly
- Completed reload, in  0.704 seconds
Platform modules already initialized, skipping
Refreshing native plugins compatible for Editor in 0.23 ms, found 0 plugins.
Preloading 0 native plugins for Editor in 0.00 ms.
Unloading 1159 Unused Serialized files (Serialized files now loaded: 0)
System memory in use before: 63.0 MB.
System memory in use after: 63.0 MB.

Unloading 7 unused Assets to reduce memory usage. Loaded Objects now: 1746.
Total: 2.009900 ms (FindLiveObjects: 0.212900 ms CreateObjectMapping: 0.050800 ms MarkObjects: 1.685300 ms  DeleteObjects: 0.059200 ms)

========================================================================
Received Import Request.
  Time since last request: 558.530877 seconds.
  path: Assets/Scenes/MainMenu.unity
  artifactKey: Guid(273ac585e6027804ca3594a0df33cb0d) Importer(815301076,1909f56bfc062723c751e8b465ee728b)
Start importing Assets/Scenes/MainMenu.unity using Guid(273ac585e6027804ca3594a0df33cb0d) Importer(815301076,1909f56bfc062723c751e8b465ee728b)  -> (artifact id: '265d6b6c245f9838957706fd29dfa8d1') in 0.012810 seconds
  Import took 0.016226 seconds .

========================================================================
Received Import Request.
  Time since last request: 52.618169 seconds.
  path: Assets/Scenes/Game.unity
  artifactKey: Guid(9fc0d4010bbf28b4594072e72b8655ab) Importer(815301076,1909f56bfc062723c751e8b465ee728b)
Start importing Assets/Scenes/Game.unity using Guid(9fc0d4010bbf28b4594072e72b8655ab) Importer(815301076,1909f56bfc062723c751e8b465ee728b)  -> (artifact id: 'a4d200fa4e33128dc08ac317ec865613') in 0.003043 seconds
  Import took 0.004965 seconds .

========================================================================
Received Prepare
Registering precompiled user dll's ...
Registered in 0.001538 seconds.
Begin MonoManager ReloadAssembly
Native extension for WindowsStandalone target not found
Refreshing native plugins compatible for Editor in 0.22 ms, found 0 plugins.
Preloading 0 native plugins for Editor in 0.00 ms.
Invoked RoslynAnalysisRunner static constructor.
RoslynAnalysisRunner will not be running.
RoslynAnalysisRunner has terminated.
Mono: successfully reloaded assembly
- Completed reload, in  0.701 seconds
Platform modules already initialized, skipping
Refreshing native plugins compatible for Editor in 0.47 ms, found 0 plugins.
Preloading 0 native plugins for Editor in 0.00 ms.
Unloading 1159 Unused Serialized files (Serialized files now loaded: 0)
System memory in use before: 63.0 MB.
System memory in use after: 63.1 MB.

Unloading 7 unused Assets to reduce memory usage. Loaded Objects now: 1749.
Total: 2.371800 ms (FindLiveObjects: 0.161500 ms CreateObjectMapping: 0.049500 ms MarkObjects: 2.100300 ms  DeleteObjects: 0.059000 ms)

========================================================================
Received Prepare
Registering precompiled user dll's ...
Registered in 0.001780 seconds.
Begin MonoManager ReloadAssembly
Native extension for WindowsStandalone target not found
Refreshing native plugins compatible for Editor in 0.22 ms, found 0 plugins.
Preloading 0 native plugins for Editor in 0.00 ms.
Invoked RoslynAnalysisRunner static constructor.
RoslynAnalysisRunner will not be running.
RoslynAnalysisRunner has terminated.
Mono: successfully reloaded assembly
- Completed reload, in  0.711 seconds
Platform modules already initialized, skipping
Refreshing native plugins compatible for Editor in 0.25 ms, found 0 plugins.
Preloading 0 native plugins for Editor in 0.00 ms.
Unloading 1159 Unused Serialized files (Serialized files now loaded: 0)
System memory in use before: 63.0 MB.
System memory in use after: 63.1 MB.

Unloading 7 unused Assets to reduce memory usage. Loaded Objects now: 1752.
Total: 3.772900 ms (FindLiveObjects: 0.336800 ms CreateObjectMapping: 0.110300 ms MarkObjects: 3.221200 ms  DeleteObjects: 0.102200 ms)

========================================================================
Received Import Request.
  Time since last request: 138.302841 seconds.
  path: Assets/Scripts/MainMenu_SetUp.cs
  artifactKey: Guid(3824132883f0de24d8ce400e3ec34c85) Importer(815301076,1909f56bfc062723c751e8b465ee728b)
Start importing Assets/Scripts/MainMenu_SetUp.cs using Guid(3824132883f0de24d8ce400e3ec34c85) Importer(815301076,1909f56bfc062723c751e8b465ee728b)  -> (artifact id: '7907b01763890aefa0050e2bd386fc7f') in 0.012304 seconds
  Import took 0.015687 seconds .

========================================================================
Received Prepare
Registering precompiled user dll's ...
Registered in 0.001494 seconds.
Begin MonoManager ReloadAssembly
Native extension for WindowsStandalone target not found
Refreshing native plugins compatible for Editor in 0.22 ms, found 0 plugins.
Preloading 0 native plugins for Editor in 0.00 ms.
Invoked RoslynAnalysisRunner static constructor.
RoslynAnalysisRunner will not be running.
RoslynAnalysisRunner has terminated.
Mono: successfully reloaded assembly
- Completed reload, in  0.714 seconds
Platform modules already initialized, skipping
Refreshing native plugins compatible for Editor in 0.24 ms, found 0 plugins.
Preloading 0 native plugins for Editor in 0.00 ms.
Unloading 1159 Unused Serialized files (Serialized files now loaded: 0)
System memory in use before: 63.0 MB.
System memory in use after: 63.1 MB.

Unloading 7 unused Assets to reduce memory usage. Loaded Objects now: 1755.
Total: 1.822500 ms (FindLiveObjects: 0.189000 ms CreateObjectMapping: 0.050600 ms MarkObjects: 1.510400 ms  DeleteObjects: 0.070400 ms)

========================================================================
Received Import Request.
  Time since last request: 376.771772 seconds.
  path: Assets/Scenes/MainMenu.unity
  artifactKey: Guid(273ac585e6027804ca3594a0df33cb0d) Importer(815301076,1909f56bfc062723c751e8b465ee728b)
Start importing Assets/Scenes/MainMenu.unity using Guid(273ac585e6027804ca3594a0df33cb0d) Importer(815301076,1909f56bfc062723c751e8b465ee728b)  -> (artifact id: '92f8fbf15813ae169b2d2e620b6d455a') in 0.012229 seconds
  Import took 0.014705 seconds .

========================================================================
Received Prepare
Refreshing native plugins compatible for Editor in 1.04 ms, found 0 plugins.
Preloading 0 native plugins for Editor in 0.00 ms.
Unloading 5 Unused Serialized files (Serialized files now loaded: 0)
System memory in use before: 40.1 MB.
System memory in use after: 40.2 MB.

Unloading 5 unused Assets to reduce memory usage. Loaded Objects now: 1755.
Total: 7.402400 ms (FindLiveObjects: 0.405400 ms CreateObjectMapping: 0.135300 ms MarkObjects: 6.706400 ms  DeleteObjects: 0.151900 ms)

========================================================================
Received Import Request.
  Time since last request: 67.585032 seconds.
  path: Assets/Scenes/MainMenu.unity
  artifactKey: Guid(273ac585e6027804ca3594a0df33cb0d) Importer(815301076,1909f56bfc062723c751e8b465ee728b)
Start importing Assets/Scenes/MainMenu.unity using Guid(273ac585e6027804ca3594a0df33cb0d) Importer(815301076,1909f56bfc062723c751e8b465ee728b)  -> (artifact id: 'dde6f4d63a0fe5cbeeb4885f10dee910') in 0.004974 seconds
  Import took 0.009256 seconds .

========================================================================
Received Import Request.
  Time since last request: 0.000909 seconds.
  path: Assets/Scenes/MainMenu.unity
  artifactKey: Guid(273ac585e6027804ca3594a0df33cb0d) Importer(815301076,1909f56bfc062723c751e8b465ee728b)
Start importing Assets/Scenes/MainMenu.unity using Guid(273ac585e6027804ca3594a0df33cb0d) Importer(815301076,1909f56bfc062723c751e8b465ee728b)  -> (artifact id: 'dde6f4d63a0fe5cbeeb4885f10dee910') in 0.003622 seconds
  Import took 0.005926 seconds .

========================================================================
Received Prepare
Registering precompiled user dll's ...
Registered in 0.001542 seconds.
Begin MonoManager ReloadAssembly
Native extension for WindowsStandalone target not found
Refreshing native plugins compatible for Editor in 0.21 ms, found 0 plugins.
Preloading 0 native plugins for Editor in 0.00 ms.
Invoked RoslynAnalysisRunner static constructor.
RoslynAnalysisRunner will not be running.
RoslynAnalysisRunner has terminated.
Mono: successfully reloaded assembly
- Completed reload, in  0.757 seconds
Platform modules already initialized, skipping
Refreshing native plugins compatible for Editor in 0.21 ms, found 0 plugins.
Preloading 0 native plugins for Editor in 0.00 ms.
Unloading 1159 Unused Serialized files (Serialized files now loaded: 0)
System memory in use before: 63.0 MB.
System memory in use after: 63.1 MB.

Unloading 7 unused Assets to reduce memory usage. Loaded Objects now: 1758.
Total: 2.199100 ms (FindLiveObjects: 0.311300 ms CreateObjectMapping: 0.110600 ms MarkObjects: 1.724000 ms  DeleteObjects: 0.050800 ms)

========================================================================
Received Prepare
Refreshing native plugins compatible for Editor in 1.18 ms, found 0 plugins.
Preloading 0 native plugins for Editor in 0.00 ms.
Unloading 5 Unused Serialized files (Serialized files now loaded: 0)
System memory in use before: 40.1 MB.
System memory in use after: 40.2 MB.

Unloading 5 unused Assets to reduce memory usage. Loaded Objects now: 1758.
Total: 2.214900 ms (FindLiveObjects: 0.215000 ms CreateObjectMapping: 0.055000 ms MarkObjects: 1.894600 ms  DeleteObjects: 0.049200 ms)

AssetImportWorkerClient::OnTransportError - code=2 error=End of file
